2024-06-30 10:53:38 - Service started
2024-06-30 10:53:38 - Request received: GET / HTTP/1.1
2024-06-30 11:07:26 - Service started
2024-06-30 11:07:26 - Request received: GET / HTTP/1.1
2024-06-30 11:11:05 - Service started
2024-06-30 11:11:05 - Request received: GET / HTTP/1.1
2024-06-30 11:12:11 - Service started
2024-06-30 11:12:11 - Request received: GET / HTTP/1.1
2024-06-30 11:15:50 - Service started
2024-06-30 11:15:50 - Request received: GET / HTTP/1.1
2024-06-30 11:17:05 - Service started
2024-06-30 11:17:05 - Request received: GET / HTTP/1.1
2024-06-30 11:17:29 - Service started
2024-06-30 11:17:29 - Request received: GET / HTTP/1.1
2024-06-30 11:17:32 - Service started
2024-06-30 11:17:32 - Request received: GET / HTTP/1.1
2024-06-30 11:17:36 - Service started
2024-06-30 11:17:36 - Request received: GET / HTTP/1.1
2024-06-30 11:37:38 - Service started
2024-06-30 11:37:38 - Request received: ACK_ME TEST555 555.onion GOODBYE
2024-06-30 11:38:50 - Service started
2024-06-30 11:38:50 - Request received: 
2024-06-30 11:41:24 - Service started
2024-06-30 11:41:24 - Request received: ACK_MR CURL CURL.ONION GOODBYE
2024-06-30 11:41:43 - Service started
2024-06-30 11:41:43 - Request received: ACK_MR CURL CURL.ONION GOODBYE
2024-06-30 11:49:31 - Service started
2024-06-30 11:49:31 - Request received: GET / HTTP/1.1
2024-06-30 11:57:10 - Service started
2024-06-30 11:57:10 - Request received: ACK_ME TEST555 555.onion GOODBYE
2024-06-30 11:57:19 - Service started
2024-06-30 11:57:19 - Request received: ACK_MR CURL CURL.ONION GOODBYE
2024-06-30 11:59:11 - Service started
2024-06-30 11:59:11 - Request received: GET / HTTP/1.1
2024-06-30 11:59:19 - Service started
2024-06-30 11:59:19 - Request received: ACK_ME TEST555 555.onion GOODBYE
2024-06-30 11:59:32 - Service started
2024-06-30 11:59:32 - Request received: ACK_ME TEST555 555.onion GOODBYE
