Jun 30 10:53:33.592 [notice] Tor 0.4.8.12 running on Linux with Libevent 2.1.12-stable, OpenSSL 3.3.1, Zlib 1.3.1, Liblzma 5.6.1, Libzstd 1.5.6 and Unknown N/A as libc.
Jun 30 10:53:33.593 [notice] Tor can't help you if you use it wrong! Learn how to be safe at https://support.torproject.org/faq/staying-anonymous/
Jun 30 10:53:33.596 [notice] Read configuration file "/etc/tor/torrc".
Jun 30 10:53:33.626 [notice] Opening Socks listener on 127.0.0.1:9050
Jun 30 10:53:33.628 [notice] Opened Socks listener connection (ready) on 127.0.0.1:9050
Jun 30 10:53:33.000 [notice] Parsing GEOIP IPv4 file /usr/share/tor/geoip.
Jun 30 10:53:34.000 [notice] Parsing GEOIP IPv6 file /usr/share/tor/geoip6.
Jun 30 10:53:34.000 [warn] You are running Tor as root. You don't need to, and you probably shouldn't.
Jun 30 10:53:34.000 [notice] Bootstrapped 0% (starting): Starting
Jun 30 10:53:35.000 [notice] Starting with guard context "default"
Jun 30 10:53:36.000 [notice] Bootstrapped 5% (conn): Connecting to a relay
Jun 30 10:53:37.000 [notice] Bootstrapped 10% (conn_done): Connected to a relay
Jun 30 10:53:38.000 [notice] Bootstrapped 14% (handshake): Handshaking with a relay
Jun 30 10:53:38.000 [notice] Bootstrapped 15% (handshake_done): Handshake with a relay done
Jun 30 10:53:38.000 [notice] Bootstrapped 75% (enough_dirinfo): Loaded enough directory info to build circuits
Jun 30 10:53:38.000 [notice] Bootstrapped 90% (ap_handshake_done): Handshake finished with a relay to build circuits
Jun 30 10:53:38.000 [notice] Bootstrapped 95% (circuit_create): Establishing a Tor circuit
Jun 30 10:53:38.000 [notice] Catching signal TERM, exiting cleanly.
Jun 30 10:55:47.785 [notice] Tor 0.4.8.12 running on Linux with Libevent 2.1.12-stable, OpenSSL 3.3.1, Zlib 1.3.1, Liblzma 5.6.1, Libzstd 1.5.6 and Unknown N/A as libc.
Jun 30 10:55:47.785 [notice] Tor can't help you if you use it wrong! Learn how to be safe at https://support.torproject.org/faq/staying-anonymous/
Jun 30 10:55:47.788 [notice] Read configuration file "/etc/tor/torrc".
Jun 30 10:55:47.803 [notice] Opening Socks listener on 127.0.0.1:9050
Jun 30 10:55:47.805 [notice] Opened Socks listener connection (ready) on 127.0.0.1:9050
Jun 30 10:55:47.000 [notice] Parsing GEOIP IPv4 file /usr/share/tor/geoip.
Jun 30 10:55:48.000 [notice] Parsing GEOIP IPv6 file /usr/share/tor/geoip6.
Jun 30 10:55:48.000 [warn] You are running Tor as root. You don't need to, and you probably shouldn't.
Jun 30 10:55:48.000 [notice] Bootstrapped 0% (starting): Starting
Jun 30 10:55:49.000 [notice] Starting with guard context "default"
Jun 30 10:55:50.000 [notice] Bootstrapped 5% (conn): Connecting to a relay
Jun 30 10:55:51.000 [notice] Bootstrapped 10% (conn_done): Connected to a relay
Jun 30 10:55:51.000 [notice] Bootstrapped 14% (handshake): Handshaking with a relay
Jun 30 10:55:51.000 [notice] Bootstrapped 15% (handshake_done): Handshake with a relay done
Jun 30 10:55:51.000 [notice] Bootstrapped 75% (enough_dirinfo): Loaded enough directory info to build circuits
Jun 30 10:55:51.000 [notice] Bootstrapped 90% (ap_handshake_done): Handshake finished with a relay to build circuits
Jun 30 10:55:51.000 [notice] Bootstrapped 95% (circuit_create): Establishing a Tor circuit
Jun 30 10:55:52.000 [notice] Bootstrapped 100% (done): Done
Jun 30 10:58:51.258 [notice] Tor 0.4.8.12 running on Linux with Libevent 2.1.12-stable, OpenSSL 3.3.1, Zlib 1.3.1, Liblzma 5.6.1, Libzstd 1.5.6 and Unknown N/A as libc.
Jun 30 10:58:51.258 [notice] Tor can't help you if you use it wrong! Learn how to be safe at https://support.torproject.org/faq/staying-anonymous/
Jun 30 10:58:51.260 [notice] Read configuration file "/etc/tor/torrc".
Jun 30 10:58:51.277 [notice] Opening Socks listener on 127.0.0.1:9050
Jun 30 10:58:51.279 [warn] Could not bind to 127.0.0.1:9050: Address in use. Is Tor already running?
Jun 30 10:58:51.280 [warn] Failed to parse/validate config: Failed to bind one of the listener ports.
Jun 30 10:58:51.280 [err] Reading config failed--see warnings above.
Jun 30 11:05:31.914 [notice] Tor 0.4.8.12 running on Linux with Libevent 2.1.12-stable, OpenSSL 3.3.1, Zlib 1.3.1, Liblzma 5.6.1, Libzstd 1.5.6 and Unknown N/A as libc.
Jun 30 11:05:31.914 [notice] Tor can't help you if you use it wrong! Learn how to be safe at https://support.torproject.org/faq/staying-anonymous/
Jun 30 11:05:31.915 [notice] Read configuration file "/etc/tor/torrc".
Jun 30 11:05:31.934 [notice] Opening Socks listener on 127.0.0.1:9050
Jun 30 11:05:31.938 [notice] Opened Socks listener connection (ready) on 127.0.0.1:9050
Jun 30 11:05:31.000 [notice] Parsing GEOIP IPv4 file /usr/share/tor/geoip.
Jun 30 11:05:32.000 [notice] Parsing GEOIP IPv6 file /usr/share/tor/geoip6.
Jun 30 11:05:32.000 [warn] You are running Tor as root. You don't need to, and you probably shouldn't.
Jun 30 11:05:32.000 [notice] Bootstrapped 0% (starting): Starting
Jun 30 11:05:33.566 [notice] Tor 0.4.8.12 running on Linux with Libevent 2.1.12-stable, OpenSSL 3.3.1, Zlib 1.3.1, Liblzma 5.6.1, Libzstd 1.5.6 and Unknown N/A as libc.
Jun 30 11:05:33.566 [notice] Tor can't help you if you use it wrong! Learn how to be safe at https://support.torproject.org/faq/staying-anonymous/
Jun 30 11:05:33.567 [notice] Read configuration file "/etc/tor/torrc".
Jun 30 11:05:33.579 [notice] Opening Socks listener on 127.0.0.1:9050
Jun 30 11:05:33.579 [warn] Could not bind to 127.0.0.1:9050: Address in use. Is Tor already running?
Jun 30 11:05:33.580 [warn] Failed to parse/validate config: Failed to bind one of the listener ports.
Jun 30 11:05:33.580 [err] Reading config failed--see warnings above.
Jun 30 11:05:33.000 [notice] Starting with guard context "default"
Jun 30 11:05:34.000 [notice] Bootstrapped 5% (conn): Connecting to a relay
Jun 30 11:05:35.000 [notice] Bootstrapped 10% (conn_done): Connected to a relay
Jun 30 11:05:35.000 [notice] Bootstrapped 14% (handshake): Handshaking with a relay
Jun 30 11:05:35.000 [notice] Bootstrapped 15% (handshake_done): Handshake with a relay done
Jun 30 11:05:35.000 [notice] Bootstrapped 75% (enough_dirinfo): Loaded enough directory info to build circuits
Jun 30 11:05:35.000 [notice] Bootstrapped 90% (ap_handshake_done): Handshake finished with a relay to build circuits
Jun 30 11:05:35.000 [notice] Bootstrapped 95% (circuit_create): Establishing a Tor circuit
Jun 30 11:05:36.000 [notice] Bootstrapped 100% (done): Done
Jun 30 11:07:15.056 [notice] Tor 0.4.8.12 running on Linux with Libevent 2.1.12-stable, OpenSSL 3.3.1, Zlib 1.3.1, Liblzma 5.6.1, Libzstd 1.5.6 and Unknown N/A as libc.
Jun 30 11:07:15.056 [notice] Tor can't help you if you use it wrong! Learn how to be safe at https://support.torproject.org/faq/staying-anonymous/
Jun 30 11:07:15.059 [notice] Read configuration file "/etc/tor/torrc".
Jun 30 11:07:15.069 [notice] Opening Socks listener on 127.0.0.1:9050
Jun 30 11:07:15.070 [notice] Opened Socks listener connection (ready) on 127.0.0.1:9050
Jun 30 11:07:15.000 [notice] Parsing GEOIP IPv4 file /usr/share/tor/geoip.
Jun 30 11:07:15.000 [notice] Parsing GEOIP IPv6 file /usr/share/tor/geoip6.
Jun 30 11:07:15.000 [warn] You are running Tor as root. You don't need to, and you probably shouldn't.
Jun 30 11:07:15.000 [notice] Bootstrapped 0% (starting): Starting
Jun 30 11:07:17.000 [notice] Starting with guard context "default"
Jun 30 11:07:18.000 [notice] Bootstrapped 5% (conn): Connecting to a relay
Jun 30 11:07:18.000 [notice] Bootstrapped 10% (conn_done): Connected to a relay
Jun 30 11:07:18.000 [notice] Bootstrapped 14% (handshake): Handshaking with a relay
Jun 30 11:07:19.000 [notice] Bootstrapped 15% (handshake_done): Handshake with a relay done
Jun 30 11:07:19.000 [notice] Bootstrapped 75% (enough_dirinfo): Loaded enough directory info to build circuits
Jun 30 11:07:19.000 [notice] Bootstrapped 90% (ap_handshake_done): Handshake finished with a relay to build circuits
Jun 30 11:07:19.000 [notice] Bootstrapped 95% (circuit_create): Establishing a Tor circuit
Jun 30 11:07:19.000 [notice] Bootstrapped 100% (done): Done
Jun 30 11:07:26.000 [notice] Catching signal TERM, exiting cleanly.
Jun 30 11:11:03.380 [notice] Tor 0.4.8.12 running on Linux with Libevent 2.1.12-stable, OpenSSL 3.3.1, Zlib 1.3.1, Liblzma 5.6.1, Libzstd 1.5.6 and Unknown N/A as libc.
Jun 30 11:11:03.380 [notice] Tor can't help you if you use it wrong! Learn how to be safe at https://support.torproject.org/faq/staying-anonymous/
Jun 30 11:11:03.383 [notice] Read configuration file "/etc/tor/torrc".
Jun 30 11:11:03.396 [notice] Opening Socks listener on 127.0.0.1:9050
Jun 30 11:11:03.397 [notice] Opened Socks listener connection (ready) on 127.0.0.1:9050
Jun 30 11:11:03.000 [notice] Parsing GEOIP IPv4 file /usr/share/tor/geoip.
Jun 30 11:11:03.000 [notice] Parsing GEOIP IPv6 file /usr/share/tor/geoip6.
Jun 30 11:11:04.000 [warn] You are running Tor as root. You don't need to, and you probably shouldn't.
Jun 30 11:11:04.000 [notice] Bootstrapped 0% (starting): Starting
Jun 30 11:11:05.000 [notice] Starting with guard context "default"
Jun 30 11:11:05.000 [notice] Catching signal TERM, exiting cleanly.
Jun 30 11:12:04.027 [notice] Tor 0.4.8.12 running on Linux with Libevent 2.1.12-stable, OpenSSL 3.3.1, Zlib 1.3.1, Liblzma 5.6.1, Libzstd 1.5.6 and Unknown N/A as libc.
Jun 30 11:12:04.027 [notice] Tor can't help you if you use it wrong! Learn how to be safe at https://support.torproject.org/faq/staying-anonymous/
Jun 30 11:12:04.030 [notice] Read configuration file "/etc/tor/torrc".
Jun 30 11:12:04.042 [notice] Opening Socks listener on 127.0.0.1:9050
Jun 30 11:12:04.048 [notice] Opened Socks listener connection (ready) on 127.0.0.1:9050
Jun 30 11:12:04.000 [notice] Parsing GEOIP IPv4 file /usr/share/tor/geoip.
Jun 30 11:12:04.000 [notice] Parsing GEOIP IPv6 file /usr/share/tor/geoip6.
Jun 30 11:12:04.000 [warn] You are running Tor as root. You don't need to, and you probably shouldn't.
Jun 30 11:12:04.000 [notice] Bootstrapped 0% (starting): Starting
Jun 30 11:12:05.000 [notice] Starting with guard context "default"
Jun 30 11:12:07.000 [notice] Bootstrapped 5% (conn): Connecting to a relay
Jun 30 11:12:07.000 [notice] Bootstrapped 10% (conn_done): Connected to a relay
Jun 30 11:12:07.000 [notice] Bootstrapped 14% (handshake): Handshaking with a relay
Jun 30 11:12:07.000 [notice] Bootstrapped 15% (handshake_done): Handshake with a relay done
Jun 30 11:12:07.000 [notice] Bootstrapped 75% (enough_dirinfo): Loaded enough directory info to build circuits
Jun 30 11:12:07.000 [notice] Bootstrapped 90% (ap_handshake_done): Handshake finished with a relay to build circuits
Jun 30 11:12:07.000 [notice] Bootstrapped 95% (circuit_create): Establishing a Tor circuit
Jun 30 11:12:08.000 [notice] Bootstrapped 100% (done): Done
Jun 30 11:12:11.000 [notice] Catching signal TERM, exiting cleanly.
Jun 30 11:15:37.977 [notice] Tor 0.4.8.12 running on Linux with Libevent 2.1.12-stable, OpenSSL 3.3.1, Zlib 1.3.1, Liblzma 5.6.1, Libzstd 1.5.6 and Unknown N/A as libc.
Jun 30 11:15:37.977 [notice] Tor can't help you if you use it wrong! Learn how to be safe at https://support.torproject.org/faq/staying-anonymous/
Jun 30 11:15:37.979 [notice] Read configuration file "/etc/tor/torrc".
Jun 30 11:15:37.994 [notice] Opening Socks listener on 127.0.0.1:9050
Jun 30 11:15:37.996 [notice] Opened Socks listener connection (ready) on 127.0.0.1:9050
Jun 30 11:15:38.000 [notice] Parsing GEOIP IPv4 file /usr/share/tor/geoip.
Jun 30 11:15:38.000 [notice] Parsing GEOIP IPv6 file /usr/share/tor/geoip6.
Jun 30 11:15:38.000 [warn] You are running Tor as root. You don't need to, and you probably shouldn't.
Jun 30 11:15:38.000 [notice] Bootstrapped 0% (starting): Starting
Jun 30 11:15:39.000 [notice] Starting with guard context "default"
Jun 30 11:15:41.000 [notice] Bootstrapped 5% (conn): Connecting to a relay
Jun 30 11:15:41.000 [notice] Bootstrapped 10% (conn_done): Connected to a relay
Jun 30 11:15:41.000 [notice] Bootstrapped 14% (handshake): Handshaking with a relay
Jun 30 11:15:41.000 [notice] Bootstrapped 15% (handshake_done): Handshake with a relay done
Jun 30 11:15:41.000 [notice] Bootstrapped 75% (enough_dirinfo): Loaded enough directory info to build circuits
Jun 30 11:15:41.000 [notice] Bootstrapped 90% (ap_handshake_done): Handshake finished with a relay to build circuits
Jun 30 11:15:41.000 [notice] Bootstrapped 95% (circuit_create): Establishing a Tor circuit
Jun 30 11:15:42.000 [notice] Bootstrapped 100% (done): Done
Jun 30 11:15:50.000 [notice] Catching signal TERM, exiting cleanly.
Jun 30 11:17:03.822 [notice] Tor 0.4.8.12 running on Linux with Libevent 2.1.12-stable, OpenSSL 3.3.1, Zlib 1.3.1, Liblzma 5.6.1, Libzstd 1.5.6 and Unknown N/A as libc.
Jun 30 11:17:03.822 [notice] Tor can't help you if you use it wrong! Learn how to be safe at https://support.torproject.org/faq/staying-anonymous/
Jun 30 11:17:03.824 [notice] Read configuration file "/etc/tor/torrc".
Jun 30 11:17:03.840 [notice] Opening Socks listener on 127.0.0.1:9050
Jun 30 11:17:03.841 [notice] Opened Socks listener connection (ready) on 127.0.0.1:9050
Jun 30 11:17:03.000 [notice] Parsing GEOIP IPv4 file /usr/share/tor/geoip.
Jun 30 11:17:04.000 [notice] Parsing GEOIP IPv6 file /usr/share/tor/geoip6.
Jun 30 11:17:04.000 [warn] You are running Tor as root. You don't need to, and you probably shouldn't.
Jun 30 11:17:04.000 [notice] Bootstrapped 0% (starting): Starting
Jun 30 11:17:05.000 [notice] Starting with guard context "default"
Jun 30 11:17:05.000 [notice] Catching signal TERM, exiting cleanly.
Jun 30 11:17:06.648 [notice] Tor 0.4.8.12 running on Linux with Libevent 2.1.12-stable, OpenSSL 3.3.1, Zlib 1.3.1, Liblzma 5.6.1, Libzstd 1.5.6 and Unknown N/A as libc.
Jun 30 11:17:06.648 [notice] Tor can't help you if you use it wrong! Learn how to be safe at https://support.torproject.org/faq/staying-anonymous/
Jun 30 11:17:06.650 [notice] Read configuration file "/etc/tor/torrc".
Jun 30 11:17:06.669 [notice] Opening Socks listener on 127.0.0.1:9050
Jun 30 11:17:06.673 [notice] Opened Socks listener connection (ready) on 127.0.0.1:9050
Jun 30 11:17:06.000 [notice] Parsing GEOIP IPv4 file /usr/share/tor/geoip.
Jun 30 11:17:07.000 [notice] Parsing GEOIP IPv6 file /usr/share/tor/geoip6.
Jun 30 11:17:07.000 [warn] You are running Tor as root. You don't need to, and you probably shouldn't.
Jun 30 11:17:07.000 [notice] Bootstrapped 0% (starting): Starting
Jun 30 11:17:08.000 [notice] Starting with guard context "default"
Jun 30 11:17:09.000 [notice] Bootstrapped 5% (conn): Connecting to a relay
Jun 30 11:17:09.000 [notice] Bootstrapped 10% (conn_done): Connected to a relay
Jun 30 11:17:10.000 [notice] Bootstrapped 14% (handshake): Handshaking with a relay
Jun 30 11:17:10.000 [notice] Bootstrapped 15% (handshake_done): Handshake with a relay done
Jun 30 11:17:10.000 [notice] Bootstrapped 75% (enough_dirinfo): Loaded enough directory info to build circuits
Jun 30 11:17:10.000 [notice] Bootstrapped 90% (ap_handshake_done): Handshake finished with a relay to build circuits
Jun 30 11:17:10.000 [notice] Bootstrapped 95% (circuit_create): Establishing a Tor circuit
Jun 30 11:17:11.000 [notice] Bootstrapped 100% (done): Done
Jun 30 11:17:29.000 [notice] Catching signal TERM, exiting cleanly.
Jun 30 11:17:30.517 [notice] Tor 0.4.8.12 running on Linux with Libevent 2.1.12-stable, OpenSSL 3.3.1, Zlib 1.3.1, Liblzma 5.6.1, Libzstd 1.5.6 and Unknown N/A as libc.
Jun 30 11:17:30.517 [notice] Tor can't help you if you use it wrong! Learn how to be safe at https://support.torproject.org/faq/staying-anonymous/
Jun 30 11:17:30.520 [notice] Read configuration file "/etc/tor/torrc".
Jun 30 11:17:30.533 [notice] Opening Socks listener on 127.0.0.1:9050
Jun 30 11:17:30.534 [notice] Opened Socks listener connection (ready) on 127.0.0.1:9050
Jun 30 11:17:30.000 [notice] Parsing GEOIP IPv4 file /usr/share/tor/geoip.
Jun 30 11:17:31.000 [notice] Parsing GEOIP IPv6 file /usr/share/tor/geoip6.
Jun 30 11:17:31.000 [warn] You are running Tor as root. You don't need to, and you probably shouldn't.
Jun 30 11:17:31.000 [notice] Bootstrapped 0% (starting): Starting
Jun 30 11:17:32.000 [notice] Starting with guard context "default"
Jun 30 11:17:32.000 [notice] Catching signal TERM, exiting cleanly.
Jun 30 11:17:32.988 [notice] Tor 0.4.8.12 running on Linux with Libevent 2.1.12-stable, OpenSSL 3.3.1, Zlib 1.3.1, Liblzma 5.6.1, Libzstd 1.5.6 and Unknown N/A as libc.
Jun 30 11:17:32.988 [notice] Tor can't help you if you use it wrong! Learn how to be safe at https://support.torproject.org/faq/staying-anonymous/
Jun 30 11:17:32.990 [notice] Read configuration file "/etc/tor/torrc".
Jun 30 11:17:33.009 [notice] Opening Socks listener on 127.0.0.1:9050
Jun 30 11:17:33.011 [notice] Opened Socks listener connection (ready) on 127.0.0.1:9050
Jun 30 11:17:33.000 [notice] Parsing GEOIP IPv4 file /usr/share/tor/geoip.
Jun 30 11:17:33.000 [notice] Parsing GEOIP IPv6 file /usr/share/tor/geoip6.
Jun 30 11:17:33.000 [warn] You are running Tor as root. You don't need to, and you probably shouldn't.
Jun 30 11:17:33.000 [notice] Bootstrapped 0% (starting): Starting
Jun 30 11:17:34.000 [notice] Starting with guard context "default"
Jun 30 11:17:36.000 [notice] Bootstrapped 5% (conn): Connecting to a relay
Jun 30 11:17:36.000 [notice] Bootstrapped 10% (conn_done): Connected to a relay
Jun 30 11:17:36.000 [notice] Catching signal TERM, exiting cleanly.
Jun 30 11:36:50.919 [notice] Tor 0.4.8.12 running on Linux with Libevent 2.1.12-stable, OpenSSL 3.3.1, Zlib 1.3.1, Liblzma 5.6.1, Libzstd 1.5.6 and Unknown N/A as libc.
Jun 30 11:36:50.920 [notice] Tor can't help you if you use it wrong! Learn how to be safe at https://support.torproject.org/faq/staying-anonymous/
Jun 30 11:36:50.922 [notice] Read configuration file "/etc/tor/torrc".
Jun 30 11:36:50.930 [notice] Opening Socks listener on 127.0.0.1:9050
Jun 30 11:36:50.931 [notice] Opened Socks listener connection (ready) on 127.0.0.1:9050
Jun 30 11:36:50.000 [notice] Parsing GEOIP IPv4 file /usr/share/tor/geoip.
Jun 30 11:36:51.000 [notice] Parsing GEOIP IPv6 file /usr/share/tor/geoip6.
Jun 30 11:36:51.000 [warn] You are running Tor as root. You don't need to, and you probably shouldn't.
Jun 30 11:36:51.000 [notice] Bootstrapped 0% (starting): Starting
Jun 30 11:36:52.000 [notice] Starting with guard context "default"
Jun 30 11:36:54.000 [notice] Bootstrapped 5% (conn): Connecting to a relay
Jun 30 11:36:55.000 [notice] Bootstrapped 10% (conn_done): Connected to a relay
Jun 30 11:36:55.000 [notice] Bootstrapped 14% (handshake): Handshaking with a relay
Jun 30 11:36:55.000 [notice] Bootstrapped 15% (handshake_done): Handshake with a relay done
Jun 30 11:36:55.000 [notice] Bootstrapped 75% (enough_dirinfo): Loaded enough directory info to build circuits
Jun 30 11:36:55.000 [notice] Bootstrapped 90% (ap_handshake_done): Handshake finished with a relay to build circuits
Jun 30 11:36:55.000 [notice] Bootstrapped 95% (circuit_create): Establishing a Tor circuit
Jun 30 11:36:56.000 [notice] Bootstrapped 100% (done): Done
Jun 30 11:49:31.000 [notice] Catching signal TERM, exiting cleanly.
Jun 30 11:56:53.774 [notice] Tor 0.4.8.12 running on Linux with Libevent 2.1.12-stable, OpenSSL 3.3.1, Zlib 1.3.1, Liblzma 5.6.1, Libzstd 1.5.6 and Unknown N/A as libc.
Jun 30 11:56:53.774 [notice] Tor can't help you if you use it wrong! Learn how to be safe at https://support.torproject.org/faq/staying-anonymous/
Jun 30 11:56:53.777 [notice] Read configuration file "/etc/tor/torrc".
Jun 30 11:56:53.796 [notice] Opening Socks listener on 127.0.0.1:9050
Jun 30 11:56:53.798 [notice] Opened Socks listener connection (ready) on 127.0.0.1:9050
Jun 30 11:56:53.000 [notice] Parsing GEOIP IPv4 file /usr/share/tor/geoip.
Jun 30 11:56:54.000 [notice] Parsing GEOIP IPv6 file /usr/share/tor/geoip6.
Jun 30 11:56:54.000 [warn] You are running Tor as root. You don't need to, and you probably shouldn't.
Jun 30 11:56:54.000 [notice] Bootstrapped 0% (starting): Starting
Jun 30 11:56:55.000 [notice] Starting with guard context "default"
Jun 30 11:56:56.000 [notice] Bootstrapped 5% (conn): Connecting to a relay
Jun 30 11:56:57.000 [notice] Bootstrapped 10% (conn_done): Connected to a relay
Jun 30 11:56:57.000 [notice] Bootstrapped 14% (handshake): Handshaking with a relay
Jun 30 11:56:57.000 [notice] Bootstrapped 15% (handshake_done): Handshake with a relay done
Jun 30 11:56:57.000 [notice] Bootstrapped 75% (enough_dirinfo): Loaded enough directory info to build circuits
Jun 30 11:56:57.000 [notice] Bootstrapped 90% (ap_handshake_done): Handshake finished with a relay to build circuits
Jun 30 11:56:57.000 [notice] Bootstrapped 95% (circuit_create): Establishing a Tor circuit
Jun 30 11:56:58.000 [notice] Bootstrapped 100% (done): Done
Jun 30 11:59:11.000 [notice] Catching signal TERM, exiting cleanly.
Jun 30 11:59:11.535 [notice] Tor 0.4.8.12 running on Linux with Libevent 2.1.12-stable, OpenSSL 3.3.1, Zlib 1.3.1, Liblzma 5.6.1, Libzstd 1.5.6 and Unknown N/A as libc.
Jun 30 11:59:11.535 [notice] Tor can't help you if you use it wrong! Learn how to be safe at https://support.torproject.org/faq/staying-anonymous/
Jun 30 11:59:11.537 [notice] Read configuration file "/etc/tor/torrc".
Jun 30 11:59:11.556 [notice] Opening Socks listener on 127.0.0.1:9050
Jun 30 11:59:11.557 [notice] Opened Socks listener connection (ready) on 127.0.0.1:9050
Jun 30 11:59:11.000 [notice] Parsing GEOIP IPv4 file /usr/share/tor/geoip.
Jun 30 11:59:12.000 [notice] Parsing GEOIP IPv6 file /usr/share/tor/geoip6.
Jun 30 11:59:12.000 [warn] You are running Tor as root. You don't need to, and you probably shouldn't.
Jun 30 11:59:12.000 [notice] Bootstrapped 0% (starting): Starting
Jun 30 11:59:13.000 [notice] Starting with guard context "default"
Jun 30 11:59:14.000 [notice] Bootstrapped 5% (conn): Connecting to a relay
Jun 30 11:59:14.000 [notice] Bootstrapped 10% (conn_done): Connected to a relay
Jun 30 11:59:14.000 [notice] Bootstrapped 14% (handshake): Handshaking with a relay
Jun 30 11:59:15.000 [notice] Bootstrapped 15% (handshake_done): Handshake with a relay done
Jun 30 11:59:15.000 [notice] Bootstrapped 75% (enough_dirinfo): Loaded enough directory info to build circuits
Jun 30 11:59:15.000 [notice] Bootstrapped 90% (ap_handshake_done): Handshake finished with a relay to build circuits
Jun 30 11:59:15.000 [notice] Bootstrapped 95% (circuit_create): Establishing a Tor circuit
Jun 30 11:59:15.000 [notice] Bootstrapped 100% (done): Done
Jun 30 17:59:14.000 [notice] Heartbeat: Tor's uptime is 6:00 hours, with 15 circuits open. I've sent 2.92 MB and received 3.45 MB. I've received 0 connections on IPv4 and 0 on IPv6. I've made 15 connections with IPv4 and 0 with IPv6.
Jun 30 17:59:14.000 [notice] While not bootstrapping, fetched this many bytes: 599533 (consensus network-status fetch); 64457 (microdescriptor fetch)
Jun 30 17:59:14.000 [notice] Heartbeat: Our onion service received 0 v3 INTRODUCE2 cells and attempted to launch 0 rendezvous circuits.
Jun 30 23:59:14.000 [notice] Heartbeat: Tor's uptime is 12:00 hours, with 23 circuits open. I've sent 5.54 MB and received 7.23 MB. I've received 0 connections on IPv4 and 0 on IPv6. I've made 32 connections with IPv4 and 0 with IPv6.
Jun 30 23:59:14.000 [notice] While not bootstrapping, fetched this many bytes: 1191311 (consensus network-status fetch); 124012 (microdescriptor fetch)
Jun 30 23:59:14.000 [notice] Heartbeat: Our onion service received 0 v3 INTRODUCE2 cells and attempted to launch 0 rendezvous circuits.
